
> superset@5.0.0 build
> cross-env NODE_OPTIONS=--max_old_space_size=8192 NODE_ENV=production BABEL_ENV="${BABEL_ENV:=production}" webpack --color --mode production

[Superset Plugin] Use symlink source for @superset-ui/chart-controls @ ./packages/superset-ui-chart-controls
[Superset Plugin] Use symlink source for @superset-ui/core @ ./packages/superset-ui-core
[Superset Plugin] Use symlink source for @superset-ui/legacy-plugin-chart-calendar @ ./plugins/legacy-plugin-chart-calendar
[Superset Plugin] Use symlink source for @superset-ui/legacy-plugin-chart-chord @ ./plugins/legacy-plugin-chart-chord
[Superset Plugin] Use symlink source for @superset-ui/legacy-plugin-chart-country-map @ ./plugins/legacy-plugin-chart-country-map
[Superset Plugin] Use symlink source for @superset-ui/legacy-plugin-chart-horizon @ ./plugins/legacy-plugin-chart-horizon
[Superset Plugin] Use symlink source for @superset-ui/legacy-plugin-chart-map-box @ ./plugins/legacy-plugin-chart-map-box
[Superset Plugin] Use symlink source for @superset-ui/legacy-plugin-chart-paired-t-test @ ./plugins/legacy-plugin-chart-paired-t-test
[Superset Plugin] Use symlink source for @superset-ui/legacy-plugin-chart-parallel-coordinates @ ./plugins/legacy-plugin-chart-parallel-coordinates
[Superset Plugin] Use symlink source for @superset-ui/legacy-plugin-chart-partition @ ./plugins/legacy-plugin-chart-partition
[Superset Plugin] Use symlink source for @superset-ui/legacy-plugin-chart-rose @ ./plugins/legacy-plugin-chart-rose
[Superset Plugin] Use symlink source for @superset-ui/legacy-plugin-chart-world-map @ ./plugins/legacy-plugin-chart-world-map
[Superset Plugin] Use symlink source for @superset-ui/legacy-preset-chart-deckgl @ ./plugins/legacy-preset-chart-deckgl
[Superset Plugin] Use symlink source for @superset-ui/legacy-preset-chart-nvd3 @ ./plugins/legacy-preset-chart-nvd3
[Superset Plugin] Use symlink source for @superset-ui/plugin-chart-cartodiagram @ ./plugins/plugin-chart-cartodiagram
[Superset Plugin] Use symlink source for @superset-ui/plugin-chart-echarts @ ./plugins/plugin-chart-echarts
[Superset Plugin] Use symlink source for @superset-ui/plugin-chart-handlebars @ ./plugins/plugin-chart-handlebars
[Superset Plugin] Use symlink source for @superset-ui/plugin-chart-pivot-table @ ./plugins/plugin-chart-pivot-table
[Superset Plugin] Use symlink source for @superset-ui/plugin-chart-table @ ./plugins/plugin-chart-table
[Superset Plugin] Use symlink source for @superset-ui/plugin-chart-word-cloud @ ./plugins/plugin-chart-word-cloud
[Superset Plugin] Use symlink source for @superset-ui/switchboard @ ./packages/superset-ui-switchboard

Browserslist: browsers data (caniuse-lite) is 9 months old. Please run:
  npx update-browserslist-db@latest
  Why you should do it regularly: https://github.com/browserslist/update-db#readme
<s> [webpack.Progress] 0% 

<s> [webpack.Progress] 1% setup before run
<s> [webpack.Progress] 1% setup before run NodeEnvironmentPlugin
<s> [webpack.Progress] 1% setup before run
<s> [webpack.Progress] 2% setup run
<s> [webpack.Progress] 2% setup run webpack-cli
<s> [webpack.Progress] 2% setup run WebpackManifestPlugin
<s> [webpack.Progress] 2% setup run
<s> [webpack.Progress] 4% setup normal module factory
<s> [webpack.Progress] 4% setup normal module factory
<s> [webpack.Progress] 5% setup context module factory
<s> [webpack.Progress] 5% setup context module factory
<s> [webpack.Progress] 6% setup before compile
<s> [webpack.Progress] 6% setup before compile ProgressPlugin
<s> [webpack.Progress] 6% setup before compile
<s> [webpack.Progress] 7% setup compile
<s> [webpack.Progress] 7% setup compile ExternalsPlugin
<s> [webpack.Progress] 7% setup compile ExternalsPlugin
<s> [webpack.Progress] 7% setup compile
<s> [webpack.Progress] 8% setup compilation
<s> [webpack.Progress] 8% setup compilation CopyPlugin
<s> [webpack.Progress] 8% setup compilation HtmlWebpackPlugin
<s> [webpack.Progress] 8% setup compilation HtmlWebpackPlugin
<s> [webpack.Progress] 8% setup compilation mini-css-extract-plugin
<s> [webpack.Progress] 8% setup compilation ArrayPushCallbackChunkFormatPlugin
<s> [webpack.Progress] 8% setup compilation JsonpChunkLoadingPlugin
<s> [webpack.Progress] 8% setup compilation StartupChunkDependenciesPlugin
<s> [webpack.Progress] 8% setup compilation ImportScriptsChunkLoadingPlugin
<s> [webpack.Progress] 8% setup compilation WorkerPlugin
<s> [webpack.Progress] 8% setup compilation SplitChunksPlugin
<s> [webpack.Progress] 8% setup compilation ResolverCachePlugin
<s> [webpack.Progress] 8% setup compilation WebpackManifestPlugin
<s> [webpack.Progress] 8% setup compilation
<s> [webpack.Progress] 9% setup compilation
<s> [webpack.Progress] 9% setup compilation ProvidePlugin
<s> [webpack.Progress] 9% setup compilation DefinePlugin
<s> [webpack.Progress] 9% setup compilation ProgressPlugin
<s> [webpack.Progress] 9% setup compilation mini-css-extract-plugin
<s> [webpack.Progress] 9% setup compilation ChunkPrefetchPreloadPlugin
<s> [webpack.Progress] 9% setup compilation JavascriptModulesPlugin
<s> [webpack.Progress] 9% setup compilation JsonModulesPlugin
<s> [webpack.Progress] 9% setup compilation AssetModulesPlugin
<s> [webpack.Progress] 9% setup compilation EntryPlugin
<s> [webpack.Progress] 9% setup compilation EntryPlugin
<s> [webpack.Progress] 9% setup compilation EntryPlugin
<s> [webpack.Progress] 9% setup compilation EntryPlugin
<s> [webpack.Progress] 9% setup compilation EntryPlugin
<s> [webpack.Progress] 9% setup compilation EntryPlugin
<s> [webpack.Progress] 9% setup compilation EntryPlugin
<s> [webpack.Progress] 9% setup compilation EntryPlugin
<s> [webpack.Progress] 9% setup compilation RuntimePlugin
<s> [webpack.Progress] 9% setup compilation InferAsyncModulesPlugin
<s> [webpack.Progress] 9% setup compilation DataUriPlugin
<s> [webpack.Progress] 9% setup compilation FileUriPlugin
<s> [webpack.Progress] 9% setup compilation CompatibilityPlugin
<s> [webpack.Progress] 9% setup compilation HarmonyModulesPlugin
<s> [webpack.Progress] 9% setup compilation AMDPlugin
<s> [webpack.Progress] 9% setup compilation RequireJsStuffPlugin
<s> [webpack.Progress] 9% setup compilation CommonJsPlugin
<s> [webpack.Progress] 9% setup compilation LoaderPlugin
<s> [webpack.Progress] 9% setup compilation LoaderPlugin
<s> [webpack.Progress] 9% setup compilation NodeStuffPlugin
<s> [webpack.Progress] 9% setup compilation APIPlugin
<s> [webpack.Progress] 9% setup compilation ExportsInfoApiPlugin
<s> [webpack.Progress] 9% setup compilation WebpackIsIncludedPlugin
<s> [webpack.Progress] 9% setup compilation ConstPlugin
<s> [webpack.Progress] 9% setup compilation UseStrictPlugin
<s> [webpack.Progress] 9% setup compilation RequireIncludePlugin
<s> [webpack.Progress] 9% setup compilation RequireEnsurePlugin
<s> [webpack.Progress] 9% setup compilation RequireContextPlugin
<s> [webpack.Progress] 9% setup compilation ImportPlugin
<s> [webpack.Progress] 9% setup compilation ImportMetaContextPlugin
<s> [webpack.Progress] 9% setup compilation SystemPlugin
<s> [webpack.Progress] 9% setup compilation ImportMetaPlugin
<s> [webpack.Progress] 9% setup compilation URLPlugin
<s> [webpack.Progress] 9% setup compilation DefaultStatsFactoryPlugin
<s> [webpack.Progress] 9% setup compilation DefaultStatsPresetPlugin
<s> [webpack.Progress] 9% setup compilation DefaultStatsPrinterPlugin
<s> [webpack.Progress] 9% setup compilation JavascriptMetaInfoPlugin
<s> [webpack.Progress] 9% setup compilation EnsureChunkConditionsPlugin
<s> [webpack.Progress] 9% setup compilation RemoveEmptyChunksPlugin
<s> [webpack.Progress] 9% setup compilation MergeDuplicateChunksPlugin
<s> [webpack.Progress] 9% setup compilation FlagIncludedChunksPlugin
<s> [webpack.Progress] 9% setup compilation SideEffectsFlagPlugin
<s> [webpack.Progress] 9% setup compilation FlagDependencyExportsPlugin
<s> [webpack.Progress] 9% setup compilation FlagDependencyUsagePlugin
<s> [webpack.Progress] 9% setup compilation InnerGraphPlugin
<s> [webpack.Progress] 9% setup compilation MangleExportsPlugin
<s> [webpack.Progress] 9% setup compilation ModuleConcatenationPlugin
<s> [webpack.Progress] 9% setup compilation NoEmitOnErrorsPlugin
<s> [webpack.Progress] 9% setup compilation RealContentHashPlugin
<s> [webpack.Progress] 9% setup compilation WasmFinalizeExportsPlugin
<s> [webpack.Progress] 9% setup compilation DeterministicModuleIdsPlugin
<s> [webpack.Progress] 9% setup compilation DeterministicChunkIdsPlugin
<s> [webpack.Progress] 9% setup compilation DefinePlugin
<s> [webpack.Progress] 9% setup compilation CssMinimizerPlugin
<s> [webpack.Progress] 9% setup compilation TerserPlugin
<s> [webpack.Progress] 9% setup compilation TemplatedPathPlugin
<s> [webpack.Progress] 9% setup compilation RecordIdsPlugin
<s> [webpack.Progress] 9% setup compilation WarnCaseSensitiveModulesPlugin
<s> [webpack.Progress] 9% setup compilation AddBuildDependenciesPlugin
<s> [webpack.Progress] 9% setup compilation AddBuildDependenciesPlugin
<s> [webpack.Progress] 9% setup compilation AddBuildDependenciesPlugin
<s> [webpack.Progress] 9% setup compilation IgnoreWarningsPlugin
<s> [webpack.Progress] 9% setup compilation WebpackManifestPlugin
<s> [webpack.Progress] 9% setup compilation
<s> [webpack.Progress] 10% building
<s> [webpack.Progress] 10% building 0/1 entries 0/0 dependencies 0/0 modules
<s> [webpack.Progress] 10% building import loader ./node_modules/thread-loader/dist/cjs.js
<s> [webpack.Progress] 10% building import loader ./node_modules/babel-loader/lib/index.js
<s> [webpack.Progress] 10% building import loader ./node_modules/ts-loader/index.js
<s> [webpack.Progress] 10% building 0/8 entries 8/8 dependencies 0/5 modules
Browserslist: browsers data (caniuse-lite) is 9 months old. Please run:
  npx update-browserslist-db@latest
  Why you should do it regularly: https://github.com/browserslist/update-db#readme
Browserslist: browsers data (caniuse-lite) is 9 months old. Please run:
  npx update-browserslist-db@latest
  Why you should do it regularly: https://github.com/browserslist/update-db#readme
<s> [webpack.Progress] 10% building 0/8 entries 8/9 dependencies 0/5 modules
Browserslist: browsers data (caniuse-lite) is 9 months old. Please run:
  npx update-browserslist-db@latest
  Why you should do it regularly: https://github.com/browserslist/update-db#readme
<s> [webpack.Progress] 10% building import loader ./node_modules/react-hot-loader/webpack.js
<s> [webpack.Progress] 10% building 0/8 entries 37/97 dependencies 0/24 modules
<s> [webpack.Progress] 10% building import loader ./node_modules/mini-css-extract-plugin/dist/loader.js
<s> [webpack.Progress] 10% building import loader ./node_modules/css-loader/dist/cjs.js
<s> [webpack.Progress] 10% building import loader ./node_modules/less-loader/dist/cjs.js
<s> [webpack.Progress] 10% building 0/8 entries 62/102 dependencies 0/45 modules
<s> [webpack.Progress] 10% building 0/8 entries 100/167 dependencies 7/58 modules
<s> [webpack.Progress] 10% building 0/8 entries 258/338 dependencies 22/134 modules
<s> [webpack.Progress] 10% building 0/8 entries 359/406 dependencies 40/186 modules
<s> [webpack.Progress] 10% building 0/8 entries 400/502 dependencies 49/198 modules
<s> [webpack.Progress] 10% building 0/8 entries 500/610 dependencies 68/250 modules
<s> [webpack.Progress] 10% building 0/8 entries 596/673 dependencies 80/300 modules
<s> [webpack.Progress] 11% building 0/8 entries 1000/1061 dependencies 163/522 modules
<s> [webpack.Progress] 11% building 0/8 entries 1100/1158 dependencies 174/560 modules
<s> [webpack.Progress] 12% building 0/8 entries 1200/1230 dependencies 202/611 modules
<s> [webpack.Progress] 12% building 0/8 entries 1397/1500 dependencies 212/738 modules
<s> [webpack.Progress] 12% building 0/8 entries 1617/1707 dependencies 213/900 modules
<s> [webpack.Progress] 12% building 0/8 entries 1767/1900 dependencies 218/975 modules
<s> [webpack.Progress] 12% building 0/8 entries 2100/2190 dependencies 224/1116 modules
<s> [webpack.Progress] 12% building 0/8 entries 2457/2600 dependencies 261/1327 modules
<s> [webpack.Progress] 13% building 0/8 entries 2751/2789 dependencies 305/1500 modules
<s> [webpack.Progress] 13% building 0/8 entries 3000/3066 dependencies 306/1592 modules
<s> [webpack.Progress] 13% building 0/8 entries 3390/3544 dependencies 311/1700 modules
<s> [webpack.Progress] 13% building 0/8 entries 3658/3700 dependencies 321/1766 modules
<s> [webpack.Progress] 13% building 0/8 entries 3800/3847 dependencies 321/1799 modules
<s> [webpack.Progress] 13% building 0/8 entries 4200/4230 dependencies 354/1874 modules
<s> [webpack.Progress] 14% building 0/8 entries 4489/4500 dependencies 372/1980 modules
<s> [webpack.Progress] 14% building 0/8 entries 4703/4706 dependencies 400/2016 modules
<s> [webpack.Progress] 14% building 0/8 entries 4900/4918 dependencies 425/2057 modules
<s> [webpack.Progress] 15% building 0/8 entries 5085/5100 dependencies 456/2101 modules
<s> [webpack.Progress] 15% building 0/8 entries 5300/5321 dependencies 489/2166 modules
<s> [webpack.Progress] 15% building 0/8 entries 5476/5500 dependencies 539/2217 modules
<s> [webpack.Progress] 17% building 0/8 entries 5686/5700 dependencies 679/2297 modules
<s> [webpack.Progress] 18% building 0/8 entries 5892/5900 dependencies 754/2371 modules
<s> [webpack.Progress] 18% building 0/8 entries 6087/6100 dependencies 776/2417 modules
<s> [webpack.Progress] 18% building import loader ./node_modules/@svgr/webpack/dist/index.js
<s> [webpack.Progress] 18% building 0/8 entries 6107/6118 dependencies 778/2417 modules
<s> [webpack.Progress] 18% building 0/8 entries 6595/6982 dependencies 791/2800 modules
<s> [webpack.Progress] 18% building 0/8 entries 6976/7100 dependencies 805/2938 modules
<s> [webpack.Progress] 18% building 0/8 entries 7680/8029 dependencies 807/3600 modules
<s> [webpack.Progress] 19% building 0/8 entries 8300/8345 dependencies 831/3822 modules
<s> [webpack.Progress] 19% building 0/8 entries 8877/8900 dependencies 893/3983 modules
<s> [webpack.Progress] 20% building 0/8 entries 9345/9400 dependencies 964/4078 modules
<s> [webpack.Progress] 20% building 0/8 entries 9675/9700 dependencies 994/4159 modules
<s> [webpack.Progress] 22% building 0/8 entries 10247/10300 dependencies 1116/4316 modules
<s> [webpack.Progress] 23% building 0/8 entries 10845/10925 dependencies 1200/4482 modules
<s> [webpack.Progress] 23% building 1/8 entries 11087/11119 dependencies 1239/4574 modules
<s> [webpack.Progress] 23% building import loader ./node_modules/js-yaml-loader/index.js
<s> [webpack.Progress] 23% building 1/8 entries 11087/11119 dependencies 1243/4574 modules
<s> [webpack.Progress] 24% building 1/8 entries 11300/11321 dependencies 1355/4620 modules
<s> [webpack.Progress] 25% building 1/8 entries 11373/11376 dependencies 1400/4643 modules
<s> [webpack.Progress] 26% building 1/8 entries 11473/11484 dependencies 1500/4647 modules
<s> [webpack.Progress] 30% building 1/8 entries 11680/11686 dependencies 1850/4700 modules
<s> [webpack.Progress] 30% building 1/8 entries 11864/11900 dependencies 1867/4755 modules
<s> [webpack.Progress] 30% building 1/8 entries 12500/12506 dependencies 1899/4902 modules
<s> [webpack.Progress] 30% building 1/8 entries 13762/13800 dependencies 1935/5167 modules
<s> [webpack.Progress] 29% building 1/8 entries 15225/15300 dependencies 1948/5528 modules
<s> [webpack.Progress] 29% building 1/8 entries 15900/15937 dependencies 2039/5640 modules
<s> [webpack.Progress] 30% building 1/8 entries 16500/16515 dependencies 2115/5765 modules
<s> [webpack.Progress] 31% building 1/8 entries 16894/16900 dependencies 2255/5832 modules
<s> [webpack.Progress] 32% building 1/8 entries 17400/17448 dependencies 2415/5916 modules
<s> [webpack.Progress] 33% building 1/8 entries 17835/17900 dependencies 2593/5985 modules
<s> [webpack.Progress] 33% building 1/8 entries 18337/18400 dependencies 2653/6099 modules
<s> [webpack.Progress] 33% building 1/8 entries 18712/18761 dependencies 2695/6300 modules
<s> [webpack.Progress] 33% building 1/8 entries 18770/18800 dependencies 2712/6333 modules
<s> [webpack.Progress] 35% building 1/8 entries 19059/19100 dependencies 2949/6425 modules
<s> [webpack.Progress] 44% building 1/8 entries 19513/19516 dependencies 4200/6615 modules
<s> [webpack.Progress] 47% building 1/8 entries 20100/20195 dependencies 4572/6666 modules
<s> [webpack.Progress] 48% building 1/8 entries 22058/22100 dependencies 5096/7190 modules
<s> [webpack.Progress] 49% building 1/8 entries 22445/22558 dependencies 5196/7300 modules
<s> [webpack.Progress] 48% building 1/8 entries 22742/22800 dependencies 5230/7415 modules
<s> [webpack.Progress] 50% building 1/8 entries 23458/23500 dependencies 5518/7528 modules
<s> [webpack.Progress] 51% building 1/8 entries 24100/24120 dependencies 5860/7682 modules
<s> [webpack.Progress] 53% building 1/8 entries 24465/24500 dependencies 6123/7763 modules
<s> [webpack.Progress] 53% building 1/8 entries 24982/25100 dependencies 6273/7947 modules
<s> [webpack.Progress] 52% building 1/8 entries 25419/25500 dependencies 6362/8148 modules
<s> [webpack.Progress] 52% building 1/8 entries 25780/25800 dependencies 6432/8314 modules
<s> [webpack.Progress] 52% building 1/8 entries 26064/26100 dependencies 6530/8466 modules
<s> [webpack.Progress] 52% building 1/8 entries 26400/26449 dependencies 6660/8561 modules
<s> [webpack.Progress] 54% building 1/8 entries 26698/26767 dependencies 6900/8617 modules
<s> [webpack.Progress] 53% building 1/8 entries 27269/27300 dependencies 7052/8865 modules
<s> [webpack.Progress] 53% building 1/8 entries 27547/27700 dependencies 7124/8926 modules
<s> [webpack.Progress] 53% building 1/8 entries 27962/28000 dependencies 7177/9030 modules
<s> [webpack.Progress] 53% building 1/8 entries 28279/28300 dependencies 7234/9120 modules
<s> [webpack.Progress] 53% building 1/8 entries 28339/28500 dependencies 7270/9148 modules
<s> [webpack.Progress] 53% building 1/8 entries 28754/28800 dependencies 7340/9284 modules
<s> [webpack.Progress] 53% building 1/8 entries 28854/28900 dependencies 7428/9293 modules
<s> [webpack.Progress] 53% building 1/8 entries 29282/29336 dependencies 7500/9529 modules
<s> [webpack.Progress] 53% building 1/8 entries 29500/29577 dependencies 7642/9626 modules
<s> [webpack.Progress] 53% building 1/8 entries 29800/29845 dependencies 7725/9708 modules
<s> [webpack.Progress] 53% building 1/8 entries 30253/30300 dependencies 7840/9882 modules
<s> [webpack.Progress] 53% building 1/8 entries 30315/30400 dependencies 7856/9889 modules
<s> [webpack.Progress] 53% building 1/8 entries 30757/30800 dependencies 7937/10081 modules
<s> [webpack.Progress] 53% building 1/8 entries 31153/31178 dependencies 8100/10189 modules
<s> [webpack.Progress] 53% building 1/8 entries 31532/31700 dependencies 8197/10277 modules
<s> [webpack.Progress] 53% building 1/8 entries 32600/32646 dependencies 8316/10434 modules
<s> [webpack.Progress] 54% building 1/8 entries 33100/33167 dependencies 8557/10612 modules
<s> [webpack.Progress] 55% building 1/8 entries 33482/33500 dependencies 8785/10677 modules
<s> [webpack.Progress] 55% building 1/8 entries 33829/33900 dependencies 8885/10779 modules
<s> [webpack.Progress] 55% building 1/8 entries 34085/34146 dependencies 9000/10841 modules
<s> [webpack.Progress] 56% building 1/8 entries 34700/34719 dependencies 9188/10954 modules
<s> [webpack.Progress] 56% building 1/8 entries 35462/35500 dependencies 9377/11097 modules
<s> [webpack.Progress] 57% building 1/8 entries 36152/36200 dependencies 9774/11431 modules
<s> [webpack.Progress] 57% building 1/8 entries 36859/36900 dependencies 10040/11575 modules
<s> [webpack.Progress] 59% building 1/8 entries 37492/37549 dependencies 10500/11653 modules
